
4월 29, 2019 14:38:29.29 NEW SESSION
4월 29, 2019 14:38:29.29 [6176:3536:0429/143829.294:ERROR:browser_process_sub_thread.cc(209)] Waited 119 ms for network service

4월 30, 2019 10:20:13.38 NEW SESSION
4월 30, 2019 10:20:13.38 [1452:14208:0430/102013.381:ERROR:textfield.cc(1768)] NOT IMPLEMENTED
4월 30, 2019 12:44:22.09 [1452:12940:0430/124422.096:ERROR:browser_process_sub_thread.cc(209)] Waited 16 ms for network service
4월 30, 2019 17:50:03.67 [17512:16420:0430/175003.673:ERROR:browser_process_sub_thread.cc(209)] Waited 5 ms for network service

5월 02, 2019 14:30:24.34 NEW SESSION
5월 02, 2019 14:30:24.34 [7152:11996:0502/143024.235:ERROR:browser_process_sub_thread.cc(209)] Waited 5 ms for network service
5월 02, 2019 14:31:24.33 [16300:9952:0502/143124.338:ERROR:browser_process_sub_thread.cc(209)] Waited 71 ms for network service
5월 02, 2019 15:34:15.84 [6104:12772:0502/153415.843:ERROR:browser_process_sub_thread.cc(209)] Waited 63 ms for network service
5월 02, 2019 15:34:49.57 [13040:9852:0502/153449.570:ERROR:browser_process_sub_thread.cc(209)] Waited 145 ms for network service
5월 02, 2019 15:36:11.46 [4628:848:0502/153611.462:ERROR:browser_process_sub_thread.cc(209)] Waited 93 ms for network service
5월 02, 2019 15:42:37.41 [4864:15164:0502/154237.413:ERROR:browser_process_sub_thread.cc(209)] Waited 10 ms for network service
5월 02, 2019 15:42:53.72 [11836:6084:0502/154253.726:ERROR:browser_process_sub_thread.cc(209)] Waited 125 ms for network service
5월 02, 2019 16:09:29.26 [18028:5640:0502/160929.260:ERROR:browser_process_sub_thread.cc(209)] Waited 19 ms for network service
5월 02, 2019 16:10:41.25 [6860:4804:0502/161041.258:ERROR:browser_process_sub_thread.cc(209)] Waited 90 ms for network service
5월 02, 2019 16:15:38.42 [8316:11012:0502/161538.420:ERROR:browser_process_sub_thread.cc(209)] Waited 49 ms for network service
5월 02, 2019 17:06:54.12 [12976:9396:0502/170654.124:ERROR:browser_process_sub_thread.cc(209)] Waited 36 ms for network service
5월 02, 2019 17:29:02.50 [8296:12048:0502/172902.500:ERROR:browser_process_sub_thread.cc(209)] Waited 151 ms for network service
5월 02, 2019 17:56:52.83 [13516:4500:0502/175652.834:ERROR:browser_process_sub_thread.cc(209)] Waited 44 ms for network service

5월 03, 2019 09:25:20.12 NEW SESSION
5월 03, 2019 09:25:20.12 [15868:18180:0503/092520.129:ERROR:browser_process_sub_thread.cc(209)] Waited 54 ms for network service
5월 03, 2019 09:25:48.48 [4864:14116:0503/092548.484:ERROR:browser_process_sub_thread.cc(209)] Waited 135 ms for network service
5월 03, 2019 09:28:30.62 [9436:12116:0503/092830.625:ERROR:browser_process_sub_thread.cc(209)] Waited 25 ms for network service
5월 03, 2019 09:44:24.93 [14692:5672:0503/094424.937:ERROR:browser_process_sub_thread.cc(209)] Waited 6 ms for network service
5월 03, 2019 10:15:32.72 [7480:11132:0503/101532.728:ERROR:browser_process_sub_thread.cc(209)] Waited 37 ms for network service
5월 03, 2019 10:17:51.02 [660:5248:0503/101751.024:ERROR:browser_process_sub_thread.cc(209)] Waited 225 ms for network service
5월 03, 2019 10:46:49.35 [16616:7952:0503/104649.359:ERROR:browser_process_sub_thread.cc(209)] Waited 65 ms for network service
5월 03, 2019 11:13:18.03 [5700:17136:0503/111318.037:ERROR:browser_process_sub_thread.cc(209)] Waited 6 ms for network service
5월 03, 2019 14:38:32.41 [10040:10836:0503/143832.416:ERROR:textfield.cc(1768)] NOT IMPLEMENTED
5월 03, 2019 14:40:23.53 [10040:5444:0503/144023.530:ERROR:browser_process_sub_thread.cc(209)] Waited 7 ms for network service
5월 03, 2019 14:42:02.95 [10460:10628:0503/144202.951:ERROR:textfield.cc(1768)] NOT IMPLEMENTED
5월 03, 2019 17:43:47.21 [10460:6384:0503/174347.212:ERROR:browser_process_sub_thread.cc(209)] Waited 33 ms for network service

5월 07, 2019 09:13:09.16 NEW SESSION
5월 07, 2019 09:13:09.16 [9508:9048:0507/091309.161:ERROR:CONSOLE(0)] "Access to XMLHttpRequest at 'https://play.google.com/log?format=json&hasfast=true&authuser=0' from origin 'chrome-search://local-ntp' has been blocked by CORS policy: Response to preflight request doesn't pass access control check: The 'Access-Control-Allow-Origin' header has a value 'http://play.google.com' that is not equal to the supplied origin.", source: chrome-search://local-ntp/local-ntp.html (0)
5월 07, 2019 09:15:58.15 [9508:9048:0507/091558.157:ERROR:CONSOLE(0)] "Access to XMLHttpRequest at 'https://play.google.com/log?format=json&hasfast=true&authuser=0' from origin 'chrome-search://local-ntp' has been blocked by CORS policy: Response to preflight request doesn't pass access control check: The 'Access-Control-Allow-Origin' header has a value 'http://play.google.com' that is not equal to the supplied origin.", source: chrome-search://local-ntp/local-ntp.html (0)
5월 07, 2019 09:16:13.24 [9508:9048:0507/091613.242:ERROR:CONSOLE(0)] "Access to XMLHttpRequest at 'https://play.google.com/log?format=json&hasfast=true&authuser=0' from origin 'chrome-search://local-ntp' has been blocked by CORS policy: Response to preflight request doesn't pass access control check: The 'Access-Control-Allow-Origin' header has a value 'http://play.google.com' that is not equal to the supplied origin.", source: chrome-search://local-ntp/local-ntp.html (0)
5월 07, 2019 09:18:47.89 [9508:7664:0507/091847.890:ERROR:browser_process_sub_thread.cc(209)] Waited 69 ms for network service

5월 07, 2019 09:26:35.95 NEW SESSION
5월 07, 2019 09:26:35.95 [9304:9308:0507/092635.948:ERROR:CONSOLE(0)] "Access to XMLHttpRequest at 'https://play.google.com/log?format=json&hasfast=true&authuser=0' from origin 'chrome-search://local-ntp' has been blocked by CORS policy: Response to preflight request doesn't pass access control check: The 'Access-Control-Allow-Origin' header has a value 'http://play.google.com' that is not equal to the supplied origin.", source: chrome-search://local-ntp/local-ntp.html (0)
5월 07, 2019 09:26:55.31 [9304:9308:0507/092655.317:ERROR:CONSOLE(0)] "Access to XMLHttpRequest at 'https://play.google.com/log?format=json&hasfast=true&authuser=0' from origin 'chrome-search://local-ntp' has been blocked by CORS policy: Response to preflight request doesn't pass access control check: The 'Access-Control-Allow-Origin' header has a value 'http://play.google.com' that is not equal to the supplied origin.", source: chrome-search://local-ntp/local-ntp.html (0)
5월 07, 2019 09:27:34.23 [9304:9308:0507/092734.232:ERROR:CONSOLE(0)] "Access to XMLHttpRequest at 'https://play.google.com/log?format=json&hasfast=true&authuser=0' from origin 'chrome-search://local-ntp' has been blocked by CORS policy: Response to preflight request doesn't pass access control check: The 'Access-Control-Allow-Origin' header has a value 'http://play.google.com' that is not equal to the supplied origin.", source: chrome-search://local-ntp/local-ntp.html (0)
5월 07, 2019 09:44:15.97 [9304:9308:0507/094415.973:ERROR:textfield.cc(1773)] NOT IMPLEMENTED
5월 07, 2019 09:45:59.92 [9304:9308:0507/094559.927:ERROR:CONSOLE(0)] "Access to XMLHttpRequest at 'https://play.google.com/log?format=json&hasfast=true&authuser=0' from origin 'chrome-search://local-ntp' has been blocked by CORS policy: Response to preflight request doesn't pass access control check: The 'Access-Control-Allow-Origin' header has a value 'http://play.google.com' that is not equal to the supplied origin.", source: chrome-search://local-ntp/local-ntp.html (0)
5월 07, 2019 09:46:05.93 [9304:9308:0507/094605.935:ERROR:CONSOLE(0)] "Access to XMLHttpRequest at 'https://play.google.com/log?format=json&hasfast=true&authuser=0' from origin 'chrome-search://local-ntp' has been blocked by CORS policy: Response to preflight request doesn't pass access control check: The 'Access-Control-Allow-Origin' header has a value 'http://play.google.com' that is not equal to the supplied origin.", source: chrome-search://local-ntp/local-ntp.html (0)
5월 07, 2019 12:41:13.51 [9304:5412:0507/124113.511:ERROR:browser_process_sub_thread.cc(217)] Waited 23 ms for network service
5월 07, 2019 12:43:33.90 [11316:9512:0507/124333.905:ERROR:browser_process_sub_thread.cc(217)] Waited 168 ms for network service
5월 07, 2019 12:45:38.57 [4788:4728:0507/124538.578:ERROR:CONSOLE(0)] "Access to XMLHttpRequest at 'https://play.google.com/log?format=json&hasfast=true&authuser=0' from origin 'chrome-search://local-ntp' has been blocked by CORS policy: Response to preflight request doesn't pass access control check: The 'Access-Control-Allow-Origin' header has a value 'http://play.google.com' that is not equal to the supplied origin.", source: chrome-search://local-ntp/local-ntp.html (0)
5월 07, 2019 12:45:40.48 [4788:4728:0507/124540.486:ERROR:CONSOLE(0)] "Access to XMLHttpRequest at 'https://play.google.com/log?format=json&hasfast=true&authuser=0' from origin 'chrome-search://local-ntp' has been blocked by CORS policy: Response to preflight request doesn't pass access control check: The 'Access-Control-Allow-Origin' header has a value 'http://play.google.com' that is not equal to the supplied origin.", source: chrome-search://local-ntp/local-ntp.html (0)
5월 07, 2019 15:31:47.12 [4788:9372:0507/153147.119:ERROR:browser_process_sub_thread.cc(217)] Waited 186 ms for network service

5월 09, 2019 12:47:43.76 NEW SESSION
5월 09, 2019 12:47:43.76 [10388:11608:0509/124743.666:ERROR:browser_process_sub_thread.cc(217)] Waited 86 ms for network service
5월 09, 2019 13:45:06.75 [5800:2076:0509/134506.749:ERROR:CONSOLE(1)] "Refused to execute inline event handler because it violates the following Content Security Policy directive: "script-src 'strict-dynamic' 'sha256-EVjR8L4xuo0c7UNzAtLmKQoojKIjdHqYIqdanwmukFQ=' 'sha256-ps+f+kvXv/saiMZBvZdqrnWV6Gcxo4dQ9UAG6SXPM6M=' 'sha256-YUYyUdaHPr4vPwR1MbbgywsO6nfhVmXMpy6ILGW3rKk=' 'sha256-eQ/8katArHjxBXlG/3E2C7amnQhgFpZPX2SWmD1ArTA=' 'sha256-KNY16OU2yK5dZbn5VtmVD+8Nko2v7x2ZPfUGq+DvZEs=' 'sha256-lj3Ybq0OcgGBTQmk7PbTtC0eH6NJaDsZHXnY9olO7Mk=' 'sha256-8SdbfQIf93TuFf8KaWMFY4zNr0MilEm/EulohidrTnU='". Either the 'unsafe-inline' keyword, a hash ('sha256-...'), or a nonce ('nonce-...') is required to enable inline execution.
5월 09, 2019 13:45:06.75 ", source: chrome-search://local-ntp/local-ntp.html (1)
5월 09, 2019 14:01:41.01 [5800:2076:0509/140141.015:ERROR:CONSOLE(1)] "Refused to execute inline event handler because it violates the following Content Security Policy directive: "script-src 'strict-dynamic' 'sha256-EVjR8L4xuo0c7UNzAtLmKQoojKIjdHqYIqdanwmukFQ=' 'sha256-ps+f+kvXv/saiMZBvZdqrnWV6Gcxo4dQ9UAG6SXPM6M=' 'sha256-YUYyUdaHPr4vPwR1MbbgywsO6nfhVmXMpy6ILGW3rKk=' 'sha256-eQ/8katArHjxBXlG/3E2C7amnQhgFpZPX2SWmD1ArTA=' 'sha256-KNY16OU2yK5dZbn5VtmVD+8Nko2v7x2ZPfUGq+DvZEs=' 'sha256-lj3Ybq0OcgGBTQmk7PbTtC0eH6NJaDsZHXnY9olO7Mk=' 'sha256-8SdbfQIf93TuFf8KaWMFY4zNr0MilEm/EulohidrTnU='". Either the 'unsafe-inline' keyword, a hash ('sha256-...'), or a nonce ('nonce-...') is required to enable inline execution.
5월 09, 2019 14:01:41.02 ", source: chrome-search://local-ntp/local-ntp.html (1)
5월 09, 2019 15:00:23.32 [5800:2076:0509/150023.324:ERROR:CONSOLE(1)] "Refused to execute inline event handler because it violates the following Content Security Policy directive: "script-src 'strict-dynamic' 'sha256-EVjR8L4xuo0c7UNzAtLmKQoojKIjdHqYIqdanwmukFQ=' 'sha256-ps+f+kvXv/saiMZBvZdqrnWV6Gcxo4dQ9UAG6SXPM6M=' 'sha256-YUYyUdaHPr4vPwR1MbbgywsO6nfhVmXMpy6ILGW3rKk=' 'sha256-eQ/8katArHjxBXlG/3E2C7amnQhgFpZPX2SWmD1ArTA=' 'sha256-KNY16OU2yK5dZbn5VtmVD+8Nko2v7x2ZPfUGq+DvZEs=' 'sha256-lj3Ybq0OcgGBTQmk7PbTtC0eH6NJaDsZHXnY9olO7Mk=' 'sha256-8SdbfQIf93TuFf8KaWMFY4zNr0MilEm/EulohidrTnU='". Either the 'unsafe-inline' keyword, a hash ('sha256-...'), or a nonce ('nonce-...') is required to enable inline execution.
5월 09, 2019 15:00:23.33 ", source: chrome-search://local-ntp/local-ntp.html (1)
5월 09, 2019 15:46:33.35 [5800:2076:0509/154633.350:ERROR:CONSOLE(1)] "Refused to execute inline event handler because it violates the following Content Security Policy directive: "script-src 'strict-dynamic' 'sha256-EVjR8L4xuo0c7UNzAtLmKQoojKIjdHqYIqdanwmukFQ=' 'sha256-ps+f+kvXv/saiMZBvZdqrnWV6Gcxo4dQ9UAG6SXPM6M=' 'sha256-YUYyUdaHPr4vPwR1MbbgywsO6nfhVmXMpy6ILGW3rKk=' 'sha256-eQ/8katArHjxBXlG/3E2C7amnQhgFpZPX2SWmD1ArTA=' 'sha256-KNY16OU2yK5dZbn5VtmVD+8Nko2v7x2ZPfUGq+DvZEs=' 'sha256-lj3Ybq0OcgGBTQmk7PbTtC0eH6NJaDsZHXnY9olO7Mk=' 'sha256-8SdbfQIf93TuFf8KaWMFY4zNr0MilEm/EulohidrTnU='". Either the 'unsafe-inline' keyword, a hash ('sha256-...'), or a nonce ('nonce-...') is required to enable inline execution.
5월 09, 2019 15:46:33.35 ", source: chrome-search://local-ntp/local-ntp.html (1)
5월 09, 2019 15:46:48.81 [5800:2076:0509/154648.810:ERROR:CONSOLE(1)] "Refused to execute inline event handler because it violates the following Content Security Policy directive: "script-src 'strict-dynamic' 'sha256-EVjR8L4xuo0c7UNzAtLmKQoojKIjdHqYIqdanwmukFQ=' 'sha256-ps+f+kvXv/saiMZBvZdqrnWV6Gcxo4dQ9UAG6SXPM6M=' 'sha256-YUYyUdaHPr4vPwR1MbbgywsO6nfhVmXMpy6ILGW3rKk=' 'sha256-eQ/8katArHjxBXlG/3E2C7amnQhgFpZPX2SWmD1ArTA=' 'sha256-KNY16OU2yK5dZbn5VtmVD+8Nko2v7x2ZPfUGq+DvZEs=' 'sha256-lj3Ybq0OcgGBTQmk7PbTtC0eH6NJaDsZHXnY9olO7Mk=' 'sha256-8SdbfQIf93TuFf8KaWMFY4zNr0MilEm/EulohidrTnU='". Either the 'unsafe-inline' keyword, a hash ('sha256-...'), or a nonce ('nonce-...') is required to enable inline execution.
5월 09, 2019 15:46:48.81 ", source: chrome-search://local-ntp/local-ntp.html (1)
5월 09, 2019 16:11:06.99 [5800:6656:0509/161106.990:ERROR:browser_process_sub_thread.cc(217)] Waited 113 ms for network service
5월 09, 2019 16:40:00.74 [6932:6972:0509/164000.743:ERROR:CONSOLE(1)] "Refused to execute inline event handler because it violates the following Content Security Policy directive: "script-src 'strict-dynamic' 'sha256-EVjR8L4xuo0c7UNzAtLmKQoojKIjdHqYIqdanwmukFQ=' 'sha256-ps+f+kvXv/saiMZBvZdqrnWV6Gcxo4dQ9UAG6SXPM6M=' 'sha256-YUYyUdaHPr4vPwR1MbbgywsO6nfhVmXMpy6ILGW3rKk=' 'sha256-eQ/8katArHjxBXlG/3E2C7amnQhgFpZPX2SWmD1ArTA=' 'sha256-KNY16OU2yK5dZbn5VtmVD+8Nko2v7x2ZPfUGq+DvZEs=' 'sha256-lj3Ybq0OcgGBTQmk7PbTtC0eH6NJaDsZHXnY9olO7Mk=' 'sha256-8SdbfQIf93TuFf8KaWMFY4zNr0MilEm/EulohidrTnU='". Either the 'unsafe-inline' keyword, a hash ('sha256-...'), or a nonce ('nonce-...') is required to enable inline execution.
5월 09, 2019 16:40:00.74 ", source: chrome-search://local-ntp/local-ntp.html (1)
5월 09, 2019 16:48:48.69 [6932:11520:0509/164848.692:ERROR:browser_process_sub_thread.cc(217)] Waited 182 ms for network service
5월 09, 2019 16:50:51.48 [11724:8784:0509/165051.485:ERROR:browser_process_sub_thread.cc(217)] Waited 152 ms for network service
5월 09, 2019 16:50:58.35 [10448:11368:0509/165058.359:ERROR:browser_process_sub_thread.cc(217)] Waited 121 ms for network service
5월 09, 2019 16:51:33.06 [12192:6368:0509/165133.065:ERROR:CONSOLE(1)] "Refused to execute inline event handler because it violates the following Content Security Policy directive: "script-src 'strict-dynamic' 'sha256-EVjR8L4xuo0c7UNzAtLmKQoojKIjdHqYIqdanwmukFQ=' 'sha256-ps+f+kvXv/saiMZBvZdqrnWV6Gcxo4dQ9UAG6SXPM6M=' 'sha256-YUYyUdaHPr4vPwR1MbbgywsO6nfhVmXMpy6ILGW3rKk=' 'sha256-eQ/8katArHjxBXlG/3E2C7amnQhgFpZPX2SWmD1ArTA=' 'sha256-KNY16OU2yK5dZbn5VtmVD+8Nko2v7x2ZPfUGq+DvZEs=' 'sha256-lj3Ybq0OcgGBTQmk7PbTtC0eH6NJaDsZHXnY9olO7Mk=' 'sha256-8SdbfQIf93TuFf8KaWMFY4zNr0MilEm/EulohidrTnU='". Either the 'unsafe-inline' keyword, a hash ('sha256-...'), or a nonce ('nonce-...') is required to enable inline execution.
5월 09, 2019 16:51:33.06 ", source: chrome-search://local-ntp/local-ntp.html (1)
5월 09, 2019 16:53:07.07 [12192:3400:0509/165307.072:ERROR:browser_process_sub_thread.cc(217)] Waited 126 ms for network service
5월 09, 2019 17:39:25.74 [11200:5540:0509/173925.743:ERROR:CONSOLE(1)] "Refused to execute inline event handler because it violates the following Content Security Policy directive: "script-src 'strict-dynamic' 'sha256-EVjR8L4xuo0c7UNzAtLmKQoojKIjdHqYIqdanwmukFQ=' 'sha256-ps+f+kvXv/saiMZBvZdqrnWV6Gcxo4dQ9UAG6SXPM6M=' 'sha256-YUYyUdaHPr4vPwR1MbbgywsO6nfhVmXMpy6ILGW3rKk=' 'sha256-eQ/8katArHjxBXlG/3E2C7amnQhgFpZPX2SWmD1ArTA=' 'sha256-KNY16OU2yK5dZbn5VtmVD+8Nko2v7x2ZPfUGq+DvZEs=' 'sha256-lj3Ybq0OcgGBTQmk7PbTtC0eH6NJaDsZHXnY9olO7Mk=' 'sha256-8SdbfQIf93TuFf8KaWMFY4zNr0MilEm/EulohidrTnU='". Either the 'unsafe-inline' keyword, a hash ('sha256-...'), or a nonce ('nonce-...') is required to enable inline execution.
5월 09, 2019 17:39:25.74 ", source: chrome-search://local-ntp/local-ntp.html (1)
5월 09, 2019 17:44:04.24 [11200:11256:0509/174404.242:ERROR:browser_process_sub_thread.cc(217)] Waited 191 ms for network service
5월 09, 2019 17:49:03.38 [5988:11268:0509/174903.386:ERROR:browser_process_sub_thread.cc(217)] Waited 11 ms for network service

5월 10, 2019 09:17:56.92 NEW SESSION
5월 10, 2019 09:17:56.92 [5108:8760:0510/091756.920:ERROR:browser_process_sub_thread.cc(217)] Waited 136 ms for network service
5월 10, 2019 09:40:58.44 [10100:12100:0510/094058.443:ERROR:audio_manager_base.cc(363)] Invalid audio output parameters received; using fake audio path: format: 0, channel_layout: 0, channels: 0, sample_rate: 0, frames_per_buffer: 0, effects: 0, mic_positions: 
5월 10, 2019 09:40:58.69 [10100:12100:0510/094058.691:ERROR:audio_manager_base.cc(363)] Invalid audio output parameters received; using fake audio path: format: 0, channel_layout: 0, channels: 0, sample_rate: 0, frames_per_buffer: 0, effects: 0, mic_positions: 
5월 10, 2019 10:12:30.52 [10100:7056:0510/101230.526:ERROR:browser_process_sub_thread.cc(217)] Waited 199 ms for network service
5월 10, 2019 11:18:28.63 [6564:248:0510/111828.631:ERROR:browser_process_sub_thread.cc(217)] Waited 131 ms for network service
5월 10, 2019 13:50:06.30 [4944:10452:0510/135006.308:ERROR:audio_manager_base.cc(363)] Invalid audio output parameters received; using fake audio path: format: 0, channel_layout: 0, channels: 0, sample_rate: 0, frames_per_buffer: 0, effects: 0, mic_positions: 
5월 10, 2019 14:22:35.93 [4944:1036:0510/142235.938:ERROR:browser_process_sub_thread.cc(217)] Waited 165 ms for network service
5월 10, 2019 15:44:48.27 [12100:12040:0510/154448.279:ERROR:browser_process_sub_thread.cc(217)] Waited 124 ms for network service
5월 10, 2019 15:46:03.12 [1320:7776:0510/154603.129:ERROR:browser_process_sub_thread.cc(217)] Waited 130 ms for network service
5월 10, 2019 15:50:18.28 [5112:7992:0510/155018.284:ERROR:browser_process_sub_thread.cc(217)] Waited 36 ms for network service
5월 10, 2019 15:52:12.40 [972:3872:0510/155212.401:ERROR:browser_process_sub_thread.cc(217)] Waited 25 ms for network service
5월 10, 2019 17:45:46.83 [8592:1764:0510/174546.833:ERROR:CONSOLE(0)] "Access to XMLHttpRequest at 'https://play.google.com/log?format=json&hasfast=true&authuser=0' from origin 'chrome-search://local-ntp' has been blocked by CORS policy: Response to preflight request doesn't pass access control check: The 'Access-Control-Allow-Origin' header has a value 'http://play.google.com' that is not equal to the supplied origin.", source: chrome-search://local-ntp/local-ntp.html (0)
5월 10, 2019 17:48:37.03 [8592:5308:0510/174837.037:ERROR:browser_process_sub_thread.cc(217)] Waited 135 ms for network service

5월 14, 2019 15:51:59.24 NEW SESSION
5월 14, 2019 15:51:59.24 [7944:2388:0514/155159.244:ERROR:browser_process_sub_thread.cc(217)] Waited 121 ms for network service
5월 14, 2019 17:02:47.16 [4952:9468:0514/170247.162:ERROR:browser_process_sub_thread.cc(217)] Waited 36 ms for network service

5월 14, 2019 17:56:00.25 NEW SESSION
5월 14, 2019 17:56:00.25 [10768:4092:0514/175600.254:ERROR:browser_process_sub_thread.cc(217)] Waited 21 ms for network service

5월 15, 2019 09:36:12.58 NEW SESSION
5월 15, 2019 09:36:12.58 [4816:8184:0515/093612.586:ERROR:browser_process_sub_thread.cc(217)] Waited 91 ms for network service
5월 15, 2019 12:50:53.51 [5584:8692:0515/125053.518:ERROR:browser_process_sub_thread.cc(217)] Waited 35 ms for network service
5월 15, 2019 14:05:51.89 [8600:9268:0515/140551.896:ERROR:CONSOLE(0)] "Access to XMLHttpRequest at 'https://play.google.com/log?format=json&hasfast=true&authuser=0' from origin 'chrome-search://local-ntp' has been blocked by CORS policy: Response to preflight request doesn't pass access control check: The 'Access-Control-Allow-Origin' header has a value 'http://play.google.com' that is not equal to the supplied origin.", source: chrome-search://local-ntp/local-ntp.html (0)
5월 15, 2019 14:05:56.17 [8600:9268:0515/140556.177:ERROR:CONSOLE(0)] "Access to XMLHttpRequest at 'https://play.google.com/log?format=json&hasfast=true&authuser=0' from origin 'chrome-search://local-ntp' has been blocked by CORS policy: Response to preflight request doesn't pass access control check: The 'Access-Control-Allow-Origin' header has a value 'http://play.google.com' that is not equal to the supplied origin.", source: chrome-search://local-ntp/local-ntp.html (0)
5월 15, 2019 14:06:40.79 [8600:9752:0515/140640.795:ERROR:audio_manager_base.cc(363)] Invalid audio output parameters received; using fake audio path: format: 0, channel_layout: 0, channels: 0, sample_rate: 0, frames_per_buffer: 0, effects: 0, mic_positions: 
5월 15, 2019 14:06:47.45 [8600:9752:0515/140647.449:ERROR:audio_manager_base.cc(363)] Invalid audio output parameters received; using fake audio path: format: 0, channel_layout: 0, channels: 0, sample_rate: 0, frames_per_buffer: 0, effects: 0, mic_positions: 
5월 15, 2019 17:21:30.60 [8600:7548:0515/172130.605:ERROR:browser_process_sub_thread.cc(217)] Waited 131 ms for network service
5월 15, 2019 17:48:12.77 [12248:11516:0515/174812.774:ERROR:CONSOLE(0)] "Access to XMLHttpRequest at 'https://play.google.com/log?format=json&hasfast=true&authuser=0' from origin 'chrome-search://local-ntp' has been blocked by CORS policy: Response to preflight request doesn't pass access control check: The 'Access-Control-Allow-Origin' header has a value 'http://play.google.com' that is not equal to the supplied origin.", source: chrome-search://local-ntp/local-ntp.html (0)
5월 15, 2019 17:48:22.90 [12248:252:0515/174822.900:ERROR:browser_process_sub_thread.cc(217)] Waited 195 ms for network service

5월 16, 2019 10:24:57.49 NEW SESSION
5월 16, 2019 10:24:57.49 [9064:8408:0516/102457.388:ERROR:browser_process_sub_thread.cc(217)] Waited 12 ms for network service
5월 16, 2019 11:13:53.25 [5184:2212:0516/111353.257:ERROR:browser_process_sub_thread.cc(217)] Waited 131 ms for network service
5월 16, 2019 11:18:47.83 [11232:10420:0516/111847.838:ERROR:browser_process_sub_thread.cc(217)] Waited 119 ms for network service
5월 16, 2019 11:39:54.99 [5328:9512:0516/113954.990:ERROR:browser_process_sub_thread.cc(217)] Waited 44 ms for network service

5월 16, 2019 12:01:46.61 NEW SESSION
5월 16, 2019 12:01:46.61 [3648:1328:0516/120146.618:ERROR:browser_process_sub_thread.cc(217)] Waited 207 ms for network service
5월 16, 2019 12:09:49.00 [5224:5348:0516/120949.002:ERROR:platform_sensor_reader_win.cc(244)] NOT IMPLEMENTED
5월 16, 2019 12:14:18.43 [5224:5348:0516/121418.439:ERROR:platform_sensor_reader_win.cc(244)] NOT IMPLEMENTED
5월 16, 2019 15:46:24.87 [5224:5348:0516/154624.872:ERROR:platform_sensor_reader_win.cc(244)] NOT IMPLEMENTED
5월 16, 2019 15:46:27.76 [5224:2760:0516/154627.765:ERROR:browser_process_sub_thread.cc(217)] Waited 135 ms for network service
5월 16, 2019 16:39:55.47 [12056:9460:0516/163955.477:ERROR:browser_process_sub_thread.cc(217)] Waited 146 ms for network service
5월 16, 2019 16:40:12.74 [12792:7688:0516/164012.745:ERROR:browser_process_sub_thread.cc(217)] Waited 144 ms for network service
5월 16, 2019 18:26:08.89 [6448:5520:0516/182608.899:ERROR:browser_process_sub_thread.cc(217)] Waited 223 ms for network service
5월 16, 2019 18:49:14.74 [12344:5248:0516/184914.747:ERROR:browser_process_sub_thread.cc(217)] Waited 113 ms for network service
5월 16, 2019 19:07:32.90 [11792:3924:0516/190732.904:ERROR:browser_process_sub_thread.cc(217)] Waited 99 ms for network service
5월 16, 2019 19:45:16.96 [11268:2300:0516/194516.965:ERROR:browser_process_sub_thread.cc(217)] Waited 175 ms for network service

5월 17, 2019 09:27:10.84 NEW SESSION
5월 17, 2019 09:27:10.84 [8340:2924:0517/092710.844:ERROR:browser_process_sub_thread.cc(217)] Waited 60 ms for network service
5월 17, 2019 10:33:30.50 [2480:10140:0517/103330.506:ERROR:browser_process_sub_thread.cc(217)] Waited 96 ms for network service
5월 17, 2019 10:34:40.89 [1956:5220:0517/103440.893:ERROR:browser_process_sub_thread.cc(217)] Waited 87 ms for network service
5월 17, 2019 10:36:30.55 [3332:8520:0517/103630.558:ERROR:browser_process_sub_thread.cc(217)] Waited 82 ms for network service
5월 17, 2019 10:37:38.10 [7440:4892:0517/103738.104:ERROR:browser_process_sub_thread.cc(217)] Waited 149 ms for network service
5월 17, 2019 10:41:46.90 [4380:2996:0517/104146.901:ERROR:browser_process_sub_thread.cc(217)] Waited 120 ms for network service
5월 17, 2019 10:42:19.32 [7480:8692:0517/104219.322:ERROR:browser_process_sub_thread.cc(217)] Waited 68 ms for network service
5월 17, 2019 10:56:51.73 [7552:4712:0517/105651.735:ERROR:browser_process_sub_thread.cc(217)] Waited 135 ms for network service
5월 17, 2019 10:59:44.11 [7548:9428:0517/105944.110:ERROR:browser_process_sub_thread.cc(217)] Waited 36 ms for network service
5월 17, 2019 11:01:48.45 [4524:1812:0517/110148.450:ERROR:browser_process_sub_thread.cc(217)] Waited 40 ms for network service
5월 17, 2019 11:14:55.00 [8032:9140:0517/111455.005:ERROR:browser_process_sub_thread.cc(217)] Waited 111 ms for network service
5월 17, 2019 11:20:38.77 [4404:5968:0517/112038.771:ERROR:browser_process_sub_thread.cc(217)] Waited 153 ms for network service
5월 17, 2019 11:20:55.02 [4768:4152:0517/112055.025:ERROR:browser_process_sub_thread.cc(217)] Waited 145 ms for network service
5월 17, 2019 11:25:19.47 [9000:1920:0517/112519.472:ERROR:browser_process_sub_thread.cc(217)] Waited 68 ms for network service
5월 17, 2019 11:25:52.78 [5464:8692:0517/112552.781:ERROR:browser_process_sub_thread.cc(217)] Waited 135 ms for network service
5월 17, 2019 11:30:30.85 [5548:6140:0517/113030.858:ERROR:browser_process_sub_thread.cc(217)] Waited 81 ms for network service
5월 17, 2019 11:39:36.97 [5672:4820:0517/113936.975:ERROR:browser_process_sub_thread.cc(217)] Waited 127 ms for network service
5월 17, 2019 12:05:13.67 [8800:10016:0517/120513.677:ERROR:browser_process_sub_thread.cc(217)] Waited 114 ms for network service
5월 17, 2019 12:05:41.94 [10776:10860:0517/120541.946:ERROR:browser_process_sub_thread.cc(217)] Waited 118 ms for network service
5월 17, 2019 12:36:02.00 [6348:6376:0517/123602.001:ERROR:browser_process_sub_thread.cc(217)] Waited 60 ms for network service
5월 17, 2019 12:40:46.32 [9408:9968:0517/124046.327:ERROR:browser_process_sub_thread.cc(217)] Waited 130 ms for network service
5월 17, 2019 12:43:17.09 [3476:6572:0517/124317.096:ERROR:browser_process_sub_thread.cc(217)] Waited 128 ms for network service
5월 17, 2019 12:53:04.90 [7452:6740:0517/125304.907:ERROR:browser_process_sub_thread.cc(217)] Waited 115 ms for network service
5월 17, 2019 13:00:49.44 [3492:32:0517/130049.443:ERROR:browser_process_sub_thread.cc(217)] Waited 96 ms for network service
5월 17, 2019 13:32:55.00 [9192:9232:0517/133255.006:ERROR:browser_process_sub_thread.cc(217)] Waited 99 ms for network service
5월 17, 2019 13:46:49.36 [11088:11136:0517/134649.360:ERROR:browser_process_sub_thread.cc(217)] Waited 28 ms for network service
5월 17, 2019 14:10:00.84 [6244:7928:0517/141000.844:ERROR:browser_process_sub_thread.cc(217)] Waited 128 ms for network service
5월 17, 2019 14:15:13.45 [7480:8172:0517/141513.459:ERROR:browser_process_sub_thread.cc(217)] Waited 38 ms for network service
5월 17, 2019 14:17:03.73 [11260:8664:0517/141703.738:ERROR:browser_process_sub_thread.cc(217)] Waited 166 ms for network service
5월 17, 2019 14:23:18.68 [9988:10584:0517/142318.680:ERROR:browser_process_sub_thread.cc(217)] Waited 94 ms for network service
5월 17, 2019 14:52:44.36 [6240:4148:0517/145244.362:ERROR:browser_process_sub_thread.cc(217)] Waited 126 ms for network service
5월 17, 2019 14:54:53.16 [1568:9544:0517/145453.169:ERROR:browser_process_sub_thread.cc(217)] Waited 89 ms for network service
5월 17, 2019 15:01:04.92 [4988:10828:0517/150104.921:ERROR:browser_process_sub_thread.cc(217)] Waited 33 ms for network service
5월 17, 2019 15:13:47.13 [8480:9000:0517/151347.130:ERROR:browser_process_sub_thread.cc(217)] Waited 132 ms for network service
5월 17, 2019 15:19:45.59 [8468:7976:0517/151945.590:ERROR:browser_process_sub_thread.cc(217)] Waited 9 ms for network service
5월 17, 2019 15:39:32.92 [9452:8628:0517/153932.929:ERROR:browser_process_sub_thread.cc(217)] Waited 139 ms for network service
5월 17, 2019 15:42:06.23 [9936:356:0517/154206.239:ERROR:browser_process_sub_thread.cc(217)] Waited 96 ms for network service
5월 17, 2019 16:00:22.28 [11116:9692:0517/160022.280:ERROR:browser_process_sub_thread.cc(217)] Waited 180 ms for network service
5월 17, 2019 16:58:23.25 [4856:1476:0517/165823.251:ERROR:browser_process_sub_thread.cc(217)] Waited 170 ms for network service

5월 17, 2019 18:19:39.97 NEW SESSION
5월 17, 2019 18:19:39.97 [6320:9140:0517/181939.971:ERROR:browser_process_sub_thread.cc(217)] Waited 21 ms for network service
5월 17, 2019 19:19:30.47 [7976:10612:0517/191930.474:ERROR:browser_process_sub_thread.cc(217)] Waited 29 ms for network service
5월 17, 2019 19:25:20.66 [11028:11008:0517/192520.662:ERROR:browser_process_sub_thread.cc(217)] Waited 21 ms for network service

5월 20, 2019 11:12:09.95 NEW SESSION
5월 20, 2019 11:12:09.95 [9920:8288:0520/111209.952:ERROR:browser_process_sub_thread.cc(217)] Waited 57 ms for network service
5월 20, 2019 11:40:09.58 [1448:8236:0520/114009.588:ERROR:browser_process_sub_thread.cc(217)] Waited 102 ms for network service
5월 20, 2019 11:47:37.19 [7320:3416:0520/114737.197:ERROR:browser_process_sub_thread.cc(217)] Waited 215 ms for network service
5월 20, 2019 11:54:05.53 [4716:1548:0520/115405.530:ERROR:platform_sensor_reader_win.cc(244)] NOT IMPLEMENTED
5월 20, 2019 11:54:10.51 [4716:1548:0520/115410.514:ERROR:platform_sensor_reader_win.cc(244)] NOT IMPLEMENTED
5월 20, 2019 11:54:18.42 [4716:1548:0520/115418.424:ERROR:platform_sensor_reader_win.cc(244)] NOT IMPLEMENTED
5월 20, 2019 11:54:22.09 [4716:1548:0520/115422.092:ERROR:platform_sensor_reader_win.cc(244)] NOT IMPLEMENTED
5월 20, 2019 11:54:24.31 [4716:1548:0520/115424.313:ERROR:platform_sensor_reader_win.cc(244)] NOT IMPLEMENTED
5월 20, 2019 11:54:31.96 [4716:1548:0520/115431.961:ERROR:platform_sensor_reader_win.cc(244)] NOT IMPLEMENTED
5월 20, 2019 11:54:38.85 [4716:1548:0520/115438.852:ERROR:platform_sensor_reader_win.cc(244)] NOT IMPLEMENTED
5월 20, 2019 11:54:44.75 [4716:1548:0520/115444.754:ERROR:platform_sensor_reader_win.cc(244)] NOT IMPLEMENTED
5월 20, 2019 11:54:51.13 [4716:1548:0520/115451.133:ERROR:platform_sensor_reader_win.cc(244)] NOT IMPLEMENTED
5월 20, 2019 11:54:54.46 [4716:1548:0520/115454.461:ERROR:platform_sensor_reader_win.cc(244)] NOT IMPLEMENTED
5월 20, 2019 11:54:56.50 [4716:1548:0520/115456.508:ERROR:platform_sensor_reader_win.cc(244)] NOT IMPLEMENTED
5월 20, 2019 13:35:05.87 [4716:1548:0520/133505.878:ERROR:platform_sensor_reader_win.cc(244)] NOT IMPLEMENTED
5월 20, 2019 13:35:14.38 [4716:1548:0520/133514.385:ERROR:platform_sensor_reader_win.cc(244)] NOT IMPLEMENTED
5월 20, 2019 13:35:20.97 [4716:1548:0520/133520.971:ERROR:platform_sensor_reader_win.cc(244)] NOT IMPLEMENTED
5월 20, 2019 13:35:26.89 [4716:1548:0520/133526.890:ERROR:platform_sensor_reader_win.cc(244)] NOT IMPLEMENTED
5월 20, 2019 14:35:33.60 [4716:1404:0520/143533.600:ERROR:browser_process_sub_thread.cc(217)] Waited 96 ms for network service
5월 20, 2019 15:13:22.81 [5112:10376:0520/151322.817:ERROR:browser_process_sub_thread.cc(217)] Waited 36 ms for network service
5월 20, 2019 16:12:39.50 [10744:9004:0520/161239.508:ERROR:browser_process_sub_thread.cc(217)] Waited 26 ms for network service
5월 20, 2019 16:12:54.48 [4696:8688:0520/161254.480:ERROR:browser_process_sub_thread.cc(217)] Waited 152 ms for network service
5월 20, 2019 16:14:59.35 [10496:6404:0520/161459.351:ERROR:browser_process_sub_thread.cc(217)] Waited 105 ms for network service
5월 20, 2019 16:22:51.07 [9764:10280:0520/162251.071:ERROR:browser_process_sub_thread.cc(217)] Waited 123 ms for network service
5월 20, 2019 17:35:17.95 [8928:6452:0520/173517.959:ERROR:browser_process_sub_thread.cc(217)] Waited 120 ms for network service

5월 21, 2019 09:25:20.72 NEW SESSION
5월 21, 2019 09:25:20.72 [588:2972:0521/092520.726:ERROR:browser_process_sub_thread.cc(217)] Waited 150 ms for network service
5월 21, 2019 10:02:13.64 [2748:7412:0521/100213.646:ERROR:browser_process_sub_thread.cc(217)] Waited 108 ms for network service
5월 21, 2019 10:25:02.37 [7452:9336:0521/102502.376:ERROR:browser_process_sub_thread.cc(217)] Waited 116 ms for network service
5월 21, 2019 11:27:18.59 [8880:5720:0521/112718.598:ERROR:browser_process_sub_thread.cc(217)] Waited 88 ms for network service
5월 21, 2019 11:28:08.45 [10392:6752:0521/112808.450:ERROR:browser_process_sub_thread.cc(217)] Waited 233 ms for network service
5월 21, 2019 14:00:54.13 [1856:2396:0521/140054.139:ERROR:browser_process_sub_thread.cc(217)] Waited 113 ms for network service
5월 21, 2019 17:44:14.24 [4352:1196:0521/174414.242:ERROR:browser_process_sub_thread.cc(217)] Waited 150 ms for network service

5월 22, 2019 09:21:24.25 NEW SESSION
5월 22, 2019 09:21:24.25 [10084:6048:0522/092124.253:ERROR:browser_process_sub_thread.cc(217)] Waited 154 ms for network service
5월 22, 2019 09:23:49.16 [2380:2608:0522/092349.166:ERROR:browser_process_sub_thread.cc(217)] Waited 219 ms for network service

5월 22, 2019 10:01:28.51 NEW SESSION
5월 22, 2019 10:01:28.51 [1660:6380:0522/100128.404:ERROR:shader_disk_cache.cc(258)] Failed to create shader cache entry: -2
5월 22, 2019 10:06:52.58 [1660:6380:0522/100652.580:ERROR:browser_process_sub_thread.cc(217)] Waited 49 ms for network service
5월 22, 2019 10:55:28.08 [5084:6132:0522/105528.087:ERROR:textfield.cc(1773)] NOT IMPLEMENTED
5월 22, 2019 13:51:06.73 [5084:6132:0522/135106.733:ERROR:gcm_channel_status_request.cc(151)] GCM channel request failed.
5월 22, 2019 14:02:28.60 [5084:10032:0522/140228.606:ERROR:audio_manager_base.cc(363)] Invalid audio output parameters received; using fake audio path: format: 0, channel_layout: 0, channels: 0, sample_rate: 0, frames_per_buffer: 0, effects: 0, mic_positions: 
5월 22, 2019 14:37:17.10 [5084:10832:0522/143717.105:ERROR:browser_process_sub_thread.cc(217)] Waited 109 ms for network service
5월 22, 2019 15:37:31.16 [11992:968:0522/153731.160:ERROR:browser_process_sub_thread.cc(217)] Waited 118 ms for network service
5월 22, 2019 16:12:10.70 [2704:11468:0522/161210.700:ERROR:browser_process_sub_thread.cc(217)] Waited 160 ms for network service
5월 22, 2019 16:29:50.80 [11596:2076:0522/162950.809:ERROR:browser_process_sub_thread.cc(217)] Waited 122 ms for network service
5월 22, 2019 16:34:41.60 [10684:3736:0522/163441.607:ERROR:browser_process_sub_thread.cc(217)] Waited 134 ms for network service
5월 22, 2019 17:26:27.68 [2984:2080:0522/172627.683:ERROR:browser_process_sub_thread.cc(217)] Waited 128 ms for network service
5월 22, 2019 17:26:33.00 [4180:12256:0522/172633.001:ERROR:browser_process_sub_thread.cc(217)] Waited 231 ms for network service
5월 22, 2019 17:57:01.73 [3932:4352:0522/175701.738:ERROR:browser_process_sub_thread.cc(217)] Waited 33 ms for network service

5월 23, 2019 10:32:41.39 NEW SESSION
5월 23, 2019 10:32:41.39 [2708:7176:0523/103241.272:ERROR:browser_process_sub_thread.cc(217)] Waited 135 ms for network service
5월 23, 2019 10:35:25.15 [8144:8848:0523/103525.154:ERROR:browser_process_sub_thread.cc(217)] Waited 40 ms for network service
5월 23, 2019 11:17:31.97 [11140:7040:0523/111731.975:ERROR:browser_process_sub_thread.cc(217)] Waited 99 ms for network service
5월 23, 2019 11:20:38.10 [10340:9148:0523/112038.104:ERROR:browser_process_sub_thread.cc(217)] Waited 120 ms for network service
5월 23, 2019 11:26:40.12 [7064:7992:0523/112640.125:ERROR:browser_process_sub_thread.cc(217)] Waited 38 ms for network service
5월 23, 2019 11:51:56.03 [7596:3480:0523/115156.033:ERROR:browser_process_sub_thread.cc(217)] Waited 161 ms for network service

5월 24, 2019 09:21:02.06 NEW SESSION
5월 24, 2019 09:21:02.06 [5968:1944:0524/092102.059:ERROR:browser_process_sub_thread.cc(217)] Waited 239 ms for network service
5월 24, 2019 09:24:52.74 [4056:6792:0524/092452.745:ERROR:browser_process_sub_thread.cc(217)] Waited 180 ms for network service
5월 24, 2019 09:38:12.31 [9448:10976:0524/093812.312:ERROR:browser_process_sub_thread.cc(217)] Waited 236 ms for network service
5월 24, 2019 09:51:12.78 [10260:6708:0524/095112.780:ERROR:browser_process_sub_thread.cc(217)] Waited 186 ms for network service
5월 24, 2019 10:02:43.53 [2456:2984:0524/100243.531:ERROR:browser_process_sub_thread.cc(217)] Waited 174 ms for network service
5월 24, 2019 10:04:33.76 [6388:9880:0524/100433.767:ERROR:browser_process_sub_thread.cc(217)] Waited 222 ms for network service
5월 24, 2019 10:04:56.72 [5444:8468:0524/100456.725:ERROR:browser_process_sub_thread.cc(217)] Waited 120 ms for network service
5월 24, 2019 10:06:51.56 [7484:2784:0524/100651.544:ERROR:browser_process_sub_thread.cc(217)] Waited 9 ms for network service
5월 24, 2019 10:06:58.98 [10080:4220:0524/100658.980:ERROR:browser_process_sub_thread.cc(217)] Waited 281 ms for network service
5월 24, 2019 10:08:13.88 [8448:6772:0524/100813.882:ERROR:browser_process_sub_thread.cc(217)] Waited 76 ms for network service
5월 24, 2019 10:09:25.49 [3028:2536:0524/100925.498:ERROR:browser_process_sub_thread.cc(217)] Waited 221 ms for network service
5월 24, 2019 11:10:55.40 [5832:10548:0524/111055.403:ERROR:browser_process_sub_thread.cc(217)] Waited 164 ms for network service
5월 24, 2019 11:30:31.92 [10308:5424:0524/113031.923:ERROR:textfield.cc(1773)] NOT IMPLEMENTED
5월 24, 2019 12:14:17.93 [10308:1672:0524/121417.936:ERROR:browser_process_sub_thread.cc(217)] Waited 81 ms for network service
5월 24, 2019 13:38:00.94 [8888:8472:0524/133800.945:ERROR:textfield.cc(1773)] NOT IMPLEMENTED
5월 24, 2019 13:48:52.89 [8888:5916:0524/134852.897:ERROR:browser_process_sub_thread.cc(217)] Waited 165 ms for network service
5월 24, 2019 14:11:24.55 [2220:9124:0524/141124.551:ERROR:browser_process_sub_thread.cc(217)] Waited 48 ms for network service

5월 27, 2019 10:44:10.83 NEW SESSION
5월 27, 2019 10:44:10.83 [6332:9232:0527/104410.726:ERROR:browser_process_sub_thread.cc(217)] Waited 8 ms for network service
5월 27, 2019 10:47:32.88 [11504:5140:0527/104732.881:ERROR:browser_process_sub_thread.cc(217)] Waited 7 ms for network service
